{
  "stats": {
    "suites": 2,
    "tests": 2,
    "passes": 1,
    "pending": 0,
    "failures": 1,
    "start": "2018-05-19T21:32:08.740Z",
    "end": "2018-05-19T21:32:31.394Z",
    "duration": 22654,
    "testsRegistered": 4,
    "passPercent": 25,
    "pendingPercent": 0,
    "other": 0,
    "hasOther": false,
    "skipped": 2,
    "hasSkipped": true,
    "passPercentClass": "danger",
    "pendingPercentClass": "danger"
  },
  "suites": {
    "uuid": "ed78e91a-04c3-4d27-a6e9-8f6e4d0814fa",
    "title": "",
    "fullFile": "",
    "file": "",
    "beforeHooks": [],
    "afterHooks": [],
    "tests": [],
    "suites": [
      {
        "uuid": "888619c5-feb8-4131-89bd-7bfebb3c97a2",
        "title": "Recipe API unit test",
        "fullFile": "C:\\Users\\Toshiba1\\Documents\\project\\my-app\\src\\server\\test\\testRecipeApi.js",
        "file": "\\test\\testRecipeApi.js",
        "beforeHooks": [],
        "afterHooks": [],
        "tests": [
          {
            "title": "should return collection of JSON documents",
            "fullTitle": "Recipe API unit test should return collection of JSON documents",
            "timedOut": false,
            "duration": 22537,
            "state": "failed",
            "pass": false,
            "fail": true,
            "pending": false,
            "code": "// calling home page api\n(0, _supertest2.default)(_index.app).get('/api/recipies').expect('Content-type', /json/).expect(200) // This is the HTTP response\n.end(function (err, res) {\n  // HTTP status should be 200\n  res.status.should.equal(200);\n  done();\n});",
            "err": {
              "message": "Error: spawn cmd.exe ENOENT",
              "estack": "Error: spawn cmd.exe ENOENT\n    at _errnoException (util.js:1022:11)\n    at Process.ChildProcess._handle.onexit (internal/child_process.js:190:19)\n    at onErrorNT (internal/child_process.js:372:16)\n    at _combinedTickCallback (internal/process/next_tick.js:138:11)\n    at process._tickCallback (internal/process/next_tick.js:180:9)"
            },
            "isRoot": false,
            "uuid": "629c150a-3c22-4a79-aee4-f9f5a2bfcf6b",
            "isHook": false,
            "skipped": false
          }
        ],
        "suites": [],
        "passes": [],
        "failures": [
          "629c150a-3c22-4a79-aee4-f9f5a2bfcf6b"
        ],
        "pending": [],
        "skipped": [],
        "duration": 22537,
        "root": false,
        "rootEmpty": false,
        "_timeout": 120000
      },
      {
        "uuid": "0b7e2b5b-2534-4154-93e6-0d8768aae013",
        "title": "Users API unit test",
        "fullFile": "C:\\Users\\Toshiba1\\Documents\\project\\my-app\\src\\server\\test\\testUsersAPI.js",
        "file": "\\test\\testUsersAPI.js",
        "beforeHooks": [],
        "afterHooks": [],
        "tests": [
          {
            "title": "should return collection of JSON documents",
            "fullTitle": "Users API unit test should return collection of JSON documents",
            "timedOut": false,
            "duration": 0,
            "state": "passed",
            "speed": "fast",
            "pass": true,
            "fail": false,
            "pending": false,
            "code": "// calling home page api\n(0, _supertest2.default)(_index.app).get('/api/users').expect('Content-type', /json/).expect(200) // This is the HTTP response\n.end(function (err, res) {\n  // HTTP status should be 200\n  res.status.should.equal(200);\n  done();\n});",
            "err": {},
            "isRoot": false,
            "uuid": "76dfd685-6e44-4de9-a7e7-24dc99019d4a",
            "isHook": false,
            "skipped": false
          },
          {
            "title": "should register a user",
            "fullTitle": "Users API unit test should register a user",
            "timedOut": false,
            "duration": 0,
            "pass": false,
            "fail": false,
            "pending": false,
            "code": "// post to /api/contacts\n(0, _supertest2.default)(_index.app).post('/api/users').query({ action: 'register' }).send({ username: '1234', password: 'test1' }).expect('Content-type', /json/).expect(201).end(function (err, res) {\n  res.status.should.equal(201);\n  res.body.success.should.equal(true);\n  done();\n});",
            "err": {},
            "isRoot": false,
            "uuid": "72e1cac3-cffd-48e3-8c85-bf6af5e4ff0f",
            "isHook": false,
            "skipped": true
          },
          {
            "title": "should authenticate a user",
            "fullTitle": "Users API unit test should authenticate a user",
            "timedOut": false,
            "duration": 0,
            "pass": false,
            "fail": false,
            "pending": false,
            "code": "// post to /api/contacts\n(0, _supertest2.default)(_index.app).post('/api/users').send({ username: 'user1', password: 'test1' }).expect('Content-type', /json/).expect(201).end(function (err, res) {\n  res.status.should.equal(200);\n  res.body.token.substring(0, 3).should.equal('JWT');\n  done();\n});",
            "err": {},
            "isRoot": false,
            "uuid": "749fd34d-0569-44de-883f-7f10a37ea838",
            "isHook": false,
            "skipped": true
          }
        ],
        "suites": [],
        "passes": [
          "76dfd685-6e44-4de9-a7e7-24dc99019d4a"
        ],
        "failures": [],
        "pending": [],
        "skipped": [
          "72e1cac3-cffd-48e3-8c85-bf6af5e4ff0f",
          "749fd34d-0569-44de-883f-7f10a37ea838"
        ],
        "duration": null,
        "root": false,
        "rootEmpty": false,
        "_timeout": 120000
      }
    ],
    "passes": [],
    "failures": [],
    "pending": [],
    "skipped": [],
    "duration": 0,
    "root": true,
    "rootEmpty": true,
    "_timeout": 2000
  },
  "copyrightYear": 2018
}